D:\GAME\THE\PROJ.WIN32\DEBUG.WIN32\ACTIONSPRITE.OBJ
D:\GAME\THE\PROJ.WIN32\DEBUG.WIN32\APPDELEGATE.OBJ
D:\GAME\THE\PROJ.WIN32\DEBUG.WIN32\GAMELAYER.OBJ
D:\GAME\THE\PROJ.WIN32\DEBUG.WIN32\GAMESCENE.OBJ
D:\GAME\THE\PROJ.WIN32\DEBUG.WIN32\HERO.OBJ
D:\GAME\THE\PROJ.WIN32\DEBUG.WIN32\HUDLAYER.OBJ
D:\GAME\THE\PROJ.WIN32\DEBUG.WIN32\ROBOT.OBJ
D:\GAME\THE\PROJ.WIN32\DEBUG.WIN32\SNEAKYBUTTON.OBJ
D:\GAME\THE\PROJ.WIN32\DEBUG.WIN32\SNEAKYBUTTONSKINNEDBASE.OBJ
D:\GAME\THE\PROJ.WIN32\DEBUG.WIN32\SNEAKYJOYSTICK.OBJ
D:\GAME\THE\PROJ.WIN32\DEBUG.WIN32\SNEAKYJOYSTICKSKINNEDBASE.OBJ
D:\GAME\THE\PROJ.WIN32\DEBUG.WIN32\ACTOR.OBJ
D:\GAME\THE\PROJ.WIN32\DEBUG.WIN32\ASMONSTER.OBJ
D:\GAME\THE\PROJ.WIN32\DEBUG.WIN32\CONFIGMGR.OBJ
D:\GAME\THE\PROJ.WIN32\DEBUG.WIN32\FSTMACHINE.OBJ
D:\GAME\THE\PROJ.WIN32\DEBUG.WIN32\MAIN.OBJ
D:\GAME\THE\PROJ.WIN32\DEBUG.WIN32\USERHEROGROUP.OBJ
D:\GAME\THE\PROJ.WIN32\DEBUG.WIN32\VC110.PDB
D:\GAME\THE\PROJ.WIN32\DEBUG.WIN32\GAMELOGIC.OBJ
Z:\GAME\THE\PROJ.WIN32\DEBUG.WIN32\ACTIONSPRITE.OBJ
Z:\GAME\THE\PROJ.WIN32\DEBUG.WIN32\APPDELEGATE.OBJ
Z:\GAME\THE\PROJ.WIN32\DEBUG.WIN32\GAMELAYER.OBJ
Z:\GAME\THE\PROJ.WIN32\DEBUG.WIN32\GAMESCENE.OBJ
Z:\GAME\THE\PROJ.WIN32\DEBUG.WIN32\HERO.OBJ
Z:\GAME\THE\PROJ.WIN32\DEBUG.WIN32\HUDLAYER.OBJ
Z:\GAME\THE\PROJ.WIN32\DEBUG.WIN32\ROBOT.OBJ
Z:\GAME\THE\PROJ.WIN32\DEBUG.WIN32\SNEAKYBUTTON.OBJ
Z:\GAME\THE\PROJ.WIN32\DEBUG.WIN32\SNEAKYBUTTONSKINNEDBASE.OBJ
Z:\GAME\THE\PROJ.WIN32\DEBUG.WIN32\SNEAKYJOYSTICK.OBJ
Z:\GAME\THE\PROJ.WIN32\DEBUG.WIN32\SNEAKYJOYSTICKSKINNEDBASE.OBJ
Z:\GAME\THE\PROJ.WIN32\DEBUG.WIN32\ACTOR.OBJ
Z:\GAME\THE\PROJ.WIN32\DEBUG.WIN32\ASMONSTER.OBJ
Z:\GAME\THE\PROJ.WIN32\DEBUG.WIN32\CONFIGMGR.OBJ
Z:\GAME\THE\PROJ.WIN32\DEBUG.WIN32\FSTMACHINE.OBJ
Z:\GAME\THE\PROJ.WIN32\DEBUG.WIN32\GAMELOGIC.OBJ
Z:\GAME\THE\PROJ.WIN32\DEBUG.WIN32\MAIN.OBJ
Z:\GAME\THE\PROJ.WIN32\DEBUG.WIN32\USERHEROGROUP.OBJ
Z:\GAME\THE\PROJ.WIN32\DEBUG.WIN32\VC110.PDB
D:\GAME\THE\PROJ.WIN32\DEBUG.WIN32\THE.WIN32.ILK
D:\GAME\THE\PROJ.WIN32\DEBUG.WIN32\THE.WIN32.EXE
D:\GAME\THE\PROJ.WIN32\DEBUG.WIN32\THE.WIN32.PDB
Z:\GAME\THE\PROJ.WIN32\DEBUG.WIN32\THE.WIN32.ILK
Z:\GAME\THE\PROJ.WIN32\DEBUG.WIN32\THE.WIN32.EXE
Z:\GAME\THE\PROJ.WIN32\DEBUG.WIN32\THE.WIN32.PDB
D:\GAME\THE\PROJ.WIN32\DEBUG.WIN32\PROMPADROID.RES
Z:\GAME\THE\PROJ.WIN32\DEBUG.WIN32\PROMPADROID.RES
Z:\game\the\proj.win32\Debug.win32\ActionSprite.obj
Z:\game\the\proj.win32\Debug.win32\Actor.obj
Z:\game\the\proj.win32\Debug.win32\AppDelegate.obj
Z:\game\the\proj.win32\Debug.win32\ASMonster.obj
Z:\game\the\proj.win32\Debug.win32\ConfigMgr.obj
Z:\game\the\proj.win32\Debug.win32\FSTMachine.obj
Z:\game\the\proj.win32\Debug.win32\GameLayer.obj
Z:\game\the\proj.win32\Debug.win32\GameLogic.obj
Z:\game\the\proj.win32\Debug.win32\GameScene.obj
Z:\game\the\proj.win32\Debug.win32\Hero.obj
Z:\game\the\proj.win32\Debug.win32\HudLayer.obj
Z:\game\the\proj.win32\Debug.win32\main.obj
Z:\game\the\proj.win32\Debug.win32\Robot.obj
Z:\game\the\proj.win32\Debug.win32\SneakyButton.obj
Z:\game\the\proj.win32\Debug.win32\SneakyButtonSkinnedBase.obj
Z:\game\the\proj.win32\Debug.win32\SneakyJoystick.obj
Z:\game\the\proj.win32\Debug.win32\SneakyJoystickSkinnedBase.obj
Z:\game\the\proj.win32\Debug.win32\UserHeroGroup.obj
Z:\game\the\proj.win32\Debug.win32\the.win32.ilk
Z:\game\the\proj.win32\Debug.win32\cl.command.1.tlog
Z:\game\the\proj.win32\Debug.win32\CL.read.1.tlog
Z:\game\the\proj.win32\Debug.win32\CL.write.1.tlog
Z:\game\the\proj.win32\Debug.win32\link-cvtres.read.1.tlog
Z:\game\the\proj.win32\Debug.win32\link-cvtres.write.1.tlog
Z:\game\the\proj.win32\Debug.win32\link-rc.read.1.tlog
Z:\game\the\proj.win32\Debug.win32\link-rc.write.1.tlog
Z:\game\the\proj.win32\Debug.win32\link.10380-cvtres.read.1.tlog
Z:\game\the\proj.win32\Debug.win32\link.10380-cvtres.write.1.tlog
Z:\game\the\proj.win32\Debug.win32\link.10380-rc.read.1.tlog
Z:\game\the\proj.win32\Debug.win32\link.10380-rc.write.1.tlog
Z:\game\the\proj.win32\Debug.win32\link.10380.read.1.tlog
Z:\game\the\proj.win32\Debug.win32\link.10380.write.1.tlog
Z:\game\the\proj.win32\Debug.win32\link.10584-cvtres.read.1.tlog
Z:\game\the\proj.win32\Debug.win32\link.10584-cvtres.write.1.tlog
Z:\game\the\proj.win32\Debug.win32\link.10584-rc.read.1.tlog
Z:\game\the\proj.win32\Debug.win32\link.10584-rc.write.1.tlog
Z:\game\the\proj.win32\Debug.win32\link.10584.read.1.tlog
Z:\game\the\proj.win32\Debug.win32\link.10584.write.1.tlog
Z:\game\the\proj.win32\Debug.win32\link.10612-cvtres.read.1.tlog
Z:\game\the\proj.win32\Debug.win32\link.10612-cvtres.write.1.tlog
Z:\game\the\proj.win32\Debug.win32\link.10612-rc.read.1.tlog
Z:\game\the\proj.win32\Debug.win32\link.10612-rc.write.1.tlog
Z:\game\the\proj.win32\Debug.win32\link.10612.read.1.tlog
Z:\game\the\proj.win32\Debug.win32\link.10612.write.1.tlog
Z:\game\the\proj.win32\Debug.win32\link.11316-cvtres.read.1.tlog
Z:\game\the\proj.win32\Debug.win32\link.11316-cvtres.write.1.tlog
Z:\game\the\proj.win32\Debug.win32\link.11316-rc.read.1.tlog
Z:\game\the\proj.win32\Debug.win32\link.11316-rc.write.1.tlog
Z:\game\the\proj.win32\Debug.win32\link.11316.read.1.tlog
Z:\game\the\proj.win32\Debug.win32\link.11316.write.1.tlog
Z:\game\the\proj.win32\Debug.win32\link.1336-cvtres.read.1.tlog
Z:\game\the\proj.win32\Debug.win32\link.1336-cvtres.write.1.tlog
Z:\game\the\proj.win32\Debug.win32\link.1336-rc.read.1.tlog
Z:\game\the\proj.win32\Debug.win32\link.1336-rc.write.1.tlog
Z:\game\the\proj.win32\Debug.win32\link.1336.read.1.tlog
Z:\game\the\proj.win32\Debug.win32\link.1336.write.1.tlog
Z:\game\the\proj.win32\Debug.win32\link.13468-cvtres.read.1.tlog
Z:\game\the\proj.win32\Debug.win32\link.13468-cvtres.write.1.tlog
Z:\game\the\proj.win32\Debug.win32\link.13468-rc.read.1.tlog
Z:\game\the\proj.win32\Debug.win32\link.13468-rc.write.1.tlog
Z:\game\the\proj.win32\Debug.win32\link.13468.read.1.tlog
Z:\game\the\proj.win32\Debug.win32\link.13468.write.1.tlog
Z:\game\the\proj.win32\Debug.win32\link.13668-cvtres.read.1.tlog
Z:\game\the\proj.win32\Debug.win32\link.13668-cvtres.write.1.tlog
Z:\game\the\proj.win32\Debug.win32\link.13668-rc.read.1.tlog
Z:\game\the\proj.win32\Debug.win32\link.13668-rc.write.1.tlog
Z:\game\the\proj.win32\Debug.win32\link.13668.read.1.tlog
Z:\game\the\proj.win32\Debug.win32\link.13668.write.1.tlog
Z:\game\the\proj.win32\Debug.win32\link.14156-cvtres.read.1.tlog
Z:\game\the\proj.win32\Debug.win32\link.14156-cvtres.write.1.tlog
Z:\game\the\proj.win32\Debug.win32\link.14156-rc.read.1.tlog
Z:\game\the\proj.win32\Debug.win32\link.14156-rc.write.1.tlog
Z:\game\the\proj.win32\Debug.win32\link.14156.read.1.tlog
Z:\game\the\proj.win32\Debug.win32\link.14156.write.1.tlog
Z:\game\the\proj.win32\Debug.win32\link.1460-cvtres.read.1.tlog
Z:\game\the\proj.win32\Debug.win32\link.1460-cvtres.write.1.tlog
Z:\game\the\proj.win32\Debug.win32\link.1460-rc.read.1.tlog
Z:\game\the\proj.win32\Debug.win32\link.1460-rc.write.1.tlog
Z:\game\the\proj.win32\Debug.win32\link.1460.read.1.tlog
Z:\game\the\proj.win32\Debug.win32\link.1460.write.1.tlog
Z:\game\the\proj.win32\Debug.win32\link.3724-cvtres.read.1.tlog
Z:\game\the\proj.win32\Debug.win32\link.3724-cvtres.write.1.tlog
Z:\game\the\proj.win32\Debug.win32\link.3724-rc.read.1.tlog
Z:\game\the\proj.win32\Debug.win32\link.3724-rc.write.1.tlog
Z:\game\the\proj.win32\Debug.win32\link.3724.read.1.tlog
Z:\game\the\proj.win32\Debug.win32\link.3724.write.1.tlog
Z:\game\the\proj.win32\Debug.win32\link.4856-cvtres.read.1.tlog
Z:\game\the\proj.win32\Debug.win32\link.4856-cvtres.write.1.tlog
Z:\game\the\proj.win32\Debug.win32\link.4856-rc.read.1.tlog
Z:\game\the\proj.win32\Debug.win32\link.4856-rc.write.1.tlog
Z:\game\the\proj.win32\Debug.win32\link.4856.read.1.tlog
Z:\game\the\proj.win32\Debug.win32\link.4856.write.1.tlog
Z:\game\the\proj.win32\Debug.win32\link.6136-cvtres.read.1.tlog
Z:\game\the\proj.win32\Debug.win32\link.6136-cvtres.write.1.tlog
Z:\game\the\proj.win32\Debug.win32\link.6136-rc.read.1.tlog
Z:\game\the\proj.win32\Debug.win32\link.6136-rc.write.1.tlog
Z:\game\the\proj.win32\Debug.win32\link.6136.read.1.tlog
Z:\game\the\proj.win32\Debug.win32\link.6136.write.1.tlog
Z:\game\the\proj.win32\Debug.win32\link.command.1.tlog
Z:\game\the\proj.win32\Debug.win32\link.read.1.tlog
Z:\game\the\proj.win32\Debug.win32\link.write.1.tlog
Z:\game\the\proj.win32\Debug.win32\rc.command.1.tlog
Z:\game\the\proj.win32\Debug.win32\rc.read.1.tlog
Z:\game\the\proj.win32\Debug.win32\rc.write.1.tlog
Z:\game\the\proj.win32\Debug.win32\PrompaDroid.res
Z:\game\the\proj.win32\Debug.win32\vc110.idb
Z:\game\the\proj.win32\Debug.win32\the.win32.pdb
Z:\game\the\proj.win32\Debug.win32\vc110.pdb
Z:\game\the\proj.win32\Debug.win32\the.win32.exe
